qksms-master/QKSMS/build/outputs/logs/manifest-merger-noAnalytics-debug-report.txt
-- Merging decision tree log ---
manifest
ADDED from src\main\AndroidManifest.xml:2:1-513:12
	package
		ADDED from src\main\AndroidManifest.xml:2:11-35
	android:versionName
		INJECTED from src\main\AndroidManifest.xml
		INJECTED from src\main\AndroidManifest.xml
	xmlns:android
		ADDED from src\main\AndroidManifest.xml:3:5-63
	android:versionCode
		INJECTED from src\main\AndroidManifest.xml
		INJECTED from src\main\AndroidManifest.xml
uses-permission#android.permission.ACCESS_COARSE_LOCATION
ADDED from src\main\AndroidManifest.xml:5:5-81
	android:name
		ADDED from src\main\AndroidManifest.xml:5:22-78
uses-permission#android.permission.ACCESS_FINE_LOCATION
ADDED from src\main\AndroidManifest.xml:6:5-79
	android:name
		ADDED from src\main\AndroidManifest.xml:6:22-76
uses-permission#android.permission.ACCESS_NETWORK_STATE
ADDED from src\main\AndroidManifest.xml:7:5-79
	android:name
		ADDED from src\main\AndroidManifest.xml:7:22-76
uses-permission#android.permission.ACCESS_WIFI_STATE
ADDED from src\main\AndroidManifest.xml:8:5-76
	android:name
		ADDED from src\main\AndroidManifest.xml:8:22-73
uses-permission#android.permission.CALL_PHONE
ADDED from src\main\AndroidManifest.xml:9:5-69
	android:name
		ADDED from src\main\AndroidManifest.xml:9:22-66
uses-permission#android.permission.CAMERA
ADDED from src\main\AndroidManifest.xml:10:5-65
	android:name
		ADDED from src\main\AndroidManifest.xml:10:22-62
uses-permission#android.permission.CHANGE_CONFIGURATION
ADDED from src\main\AndroidManifest.xml:11:5-79
	android:name
		ADDED from src\main\AndroidManifest.xml:11:22-76
uses-permission#android.permission.CHANGE_NETWORK_STATE
ADDED from src\main\AndroidManifest.xml:12:5-79
	android:name
		ADDED from src\main\AndroidManifest.xml:12:22-76
uses-permission#android.permission.CHANGE_WIFI_STATE
ADDED from src\main\AndroidManifest.xml:13:5-76
	android:name
		ADDED from src\main\AndroidManifest.xml:13:22-73
uses-permission#android.permission.FLASHLIGHT
ADDED from src\main\AndroidManifest.xml:14:5-69
	android:name
		ADDED from src\main\AndroidManifest.xml:14:22-66
uses-permission#android.permission.GET_ACCOUNTS
ADDED from src\main\AndroidManifest.xml:15:5-71
	android:name
		ADDED from src\main\AndroidManifest.xml:15:22-68
uses-permission#android.permission.INTERNET
ADDED from src\main\AndroidManifest.xml:16:5-67
	android:name
		ADDED from src\main\AndroidManifest.xml:16:22-64
uses-permission#android.permission.MANAGE_ACCOUNTS
ADDED from src\main\AndroidManifest.xml:17:5-74
	android:name
		ADDED from src\main\AndroidManifest.xml:17:22-71
uses-permission#android.permission.NFC
ADDED from src\main\AndroidManifest.xml:18:5-62
	android:name
		ADDED from src\main\AndroidManifest.xml:18:22-59
uses-permission#android.permission.READ_CALL_LOG
ADDED from src\main\AndroidManifest.xml:19:5-72
	android:name
		ADDED from src\main\AndroidManifest.xml:19:22-69
uses-permission#android.permission.READ_CONTACTS
ADDED from src\main\AndroidManifest.xml:20:5-72
	android:name
		ADDED from src\main\AndroidManifest.xml:20:22-69
uses-permission#android.permission.READ_PHONE_STATE
ADDED from src\main\AndroidManifest.xml:21:5-75
	android:name
		ADDED from src\main\AndroidManifest.xml:21:22-72
uses-permission#android.permission.READ_PROFILE
ADDED from src\main\AndroidManifest.xml:22:5-71
	android:name
		ADDED from src\main\AndroidManifest.xml:22:22-68
uses-permission#android.permission.READ_EXTERNAL_STORAGE
ADDED from src\main\AndroidManifest.xml:23:5-80
	android:name
		ADDED from src\main\AndroidManifest.xml:23:22-77
uses-permission#android.permission.READ_SMS
ADDED from src\main\AndroidManifest.xml:24:5-67
	android:name
		ADDED from src\main\AndroidManifest.xml:24:22-64
uses-permission#android.permission.RECEIVE_BOOT_COMPLETED
ADDED from src\main\AndroidManifest.xml:25:5-81
	android:name
		ADDED from src\main\AndroidManifest.xml:25:22-78
uses-permission#android.permission.RECEIVE_MMS
ADDED from src\main\AndroidManifest.xml:26:5-70
	android:name
		ADDED from src\main\AndroidManifest.xml:26:22-67
uses-permission#android.permission.RECEIVE_SMS
ADDED from src\main\AndroidManifest.xml:27:5-70
	android:name
		ADDED from src\main\AndroidManifest.xml:27:22-67
uses-permission#android.permission.RECORD_AUDIO
ADDED from src\main\AndroidManifest.xml:28:5-71
	android:name
		ADDED from src\main\AndroidManifest.xml:28:22-68
uses-permission#android.permission.SEND_SMS
ADDED from src\main\AndroidManifest.xml:29:5-67
	android:name
		ADDED from src\main\AndroidManifest.xml:29:22-64
uses-permission#android.permission.SYSTEM_ALERT_WINDOW
ADDED from src\main\AndroidManifest.xml:30:5-78
	android:name
		ADDED from src\main\AndroidManifest.xml:30:22-75
uses-permission#android.permission.USE_CREDENTIALS
ADDED from src\main\AndroidManifest.xml:31:5-74
	android:name
		ADDED from src\main\AndroidManifest.xml:31:22-71
uses-permission#android.permission.VIBRATE
ADDED from src\main\AndroidManifest.xml:32:5-66
	android:name
		ADDED from src\main\AndroidManifest.xml:32:22-63
uses-permission#android.permission.WRITE_CONTACTS
ADDED from src\main\AndroidManifest.xml:33:5-73
	android:name
		ADDED from src\main\AndroidManifest.xml:33:22-70
uses-permission#android.permission.WAKE_LOCK
ADDED from src\main\AndroidManifest.xml:34:5-68
	android:name
		ADDED from src\main\AndroidManifest.xml:34:22-65
uses-permission#android.permission.WRITE_EXTERNAL_STORAGE
ADDED from src\main\AndroidManifest.xml:35:5-81
	android:name
		ADDED from src\main\AndroidManifest.xml:35:22-78
uses-permission#android.permission.WRITE_SMS
ADDED from src\main\AndroidManifest.xml:36:5-68
	android:name
		ADDED from src\main\AndroidManifest.xml:36:22-65
uses-permission#com.android.vending.BILLING
ADDED from src\main\AndroidManifest.xml:37:5-67
	android:name
		ADDED from src\main\AndroidManifest.xml:37:22-64
application
ADDED from src\main\AndroidManifest.xml:39:5-511:19
MERGED from [com.melnykov:floatingactionbutton:1.3.0] AndroidManifest.xml:12:5-20
MERGED from [com.android.support:support-v4:22.2.1] AndroidManifest.xml:22:5-20
MERGED from [com.pushbullet:android-extensions:1.0.4] AndroidManifest.xml:9:5-20
MERGED from [com.android.support:support-v4:22.2.1] AndroidManifest.xml:22:5-20
MERGED from [com.nispok:snackbar:2.10.6] AndroidManifest.xml:10:5-20
MERGED from [com.android.support:support-v4:22.2.1] AndroidManifest.xml:22:5-20
MERGED from [com.android.support:design:22.2.1] AndroidManifest.xml:22:5-20
MERGED from [com.android.support:appcompat-v7:22.2.1] AndroidManifest.xml:22:5-20
MERGED from [com.android.support:support-v4:22.2.1] AndroidManifest.xml:22:5-20
MERGED from [com.android.support:support-v4:22.2.1] AndroidManifest.xml:22:5-20
MERGED from [com.android.support:appcompat-v7:22.2.1] AndroidManifest.xml:22:5-20
MERGED from [com.android.support:support-v4:22.2.1] AndroidManifest.xml:22:5-20
MERGED from [com.android.support:support-v13:22.2.1] AndroidManifest.xml:22:5-20
MERGED from [com.android.support:support-v4:22.2.1] AndroidManifest.xml:22:5-20
MERGED from [com.android.support:support-v4:22.2.1] AndroidManifest.xml:22:5-20
	android:label
		ADDED from src\main\AndroidManifest.xml:43:9-41
	android:allowBackup
		ADDED from src\main\AndroidManifest.xml:41:9-35
	android:icon
		ADDED from src\main\AndroidManifest.xml:42:9-48
	android:largeHeap
		ADDED from src\main\AndroidManifest.xml:44:9-33
	android:theme
		ADDED from src\main\AndroidManifest.xml:45:9-44
	android:name
		ADDED from src\main\AndroidManifest.xml:40:9-33
activity#com.moez.QKSMS.ui.popup.QKComposeActivity
ADDED from src\main\AndroidManifest.xml:46:9-66:20
	android:excludeFromRecents
		ADDED from src\main\AndroidManifest.xml:48:13-46
	android:windowSoftInputMode
		ADDED from src\main\AndroidManifest.xml:51:13-52
	android:theme
		ADDED from src\main\AndroidManifest.xml:50:13-55
	android:taskAffinity
		ADDED from src\main\AndroidManifest.xml:49:13-36
	android:name
		ADDED from src\main\AndroidManifest.xml:47:13-55
intent-filter#android.intent.action.SEND+android.intent.category.DEFAULT
ADDED from src\main\AndroidManifest.xml:52:13-58:29
action#android.intent.action.SEND
ADDED from src\main\AndroidManifest.xml:53:17-69
	android:name
		ADDED from src\main\AndroidManifest.xml:53:25-66
category#android.intent.category.DEFAULT
ADDED from src\main\AndroidManifest.xml:55:17-76
	android:name
		ADDED from src\main\AndroidManifest.xml:55:27-73
data
ADDED from src\main\AndroidManifest.xml:57:17-55
	android:mimeType
		ADDED from src\main\AndroidManifest.xml:57:23-52
activity#com.moez.QKSMS.ui.MainActivity
ADDED from src\main\AndroidManifest.xml:67:9-90:20
	android:label
		ADDED from src\main\AndroidManifest.xml:70:13-45
	android:launchMode
		ADDED from src\main\AndroidManifest.xml:71:13-44
	android:windowSoftInputMode
		ADDED from src\main\AndroidManifest.xml:73:13-70
	android:icon
		ADDED from src\main\AndroidManifest.xml:69:13-52
	android:logo
		ADDED from src\main\AndroidManifest.xml:72:13-46
	android:name
		ADDED from src\main\AndroidManifest.xml:68:13-44
intent-filter#android.intent.action.MAIN+android.intent.action.SEND+android.intent.action.SENDTO+android.intent.action.VIEW+android.intent.category.BROWSABLE+android.intent.category.DEFAULT+android.intent.category.MULTIWINDOW_LAUNCHER
ADDED from src\main\AndroidManifest.xml:74:13-89:29
action#android.intent.action.VIEW
ADDED from src\main\AndroidManifest.xml:75:17-69
	android:name
		ADDED from src\main\AndroidManifest.xml:75:25-66
action#android.intent.action.MAIN
ADDED from src\main\AndroidManifest.xml:76:17-69
	android:name
		ADDED from src\main\AndroidManifest.xml:76:25-66
action#android.intent.action.SENDTO
ADDED from src\main\AndroidManifest.xml:78:17-71
	android:name
		ADDED from src\main\AndroidManifest.xml:78:25-68
category#android.intent.category.BROWSABLE
ADDED from src\main\AndroidManifest.xml:81:17-78
	android:name
		ADDED from src\main\AndroidManifest.xml:81:27-75
category#android.intent.category.MULTIWINDOW_LAUNCHER
ADDED from src\main\AndroidManifest.xml:82:17-89
	android:name
		ADDED from src\main\AndroidManifest.xml:82:27-86
activity-alias#com.moez.QKSMS.ui.MainActivity-Teal
ADDED from src\main\AndroidManifest.xml:92:9-103:26
	android:enabled
		ADDED from src\main\AndroidManifest.xml:94:13-35
	android:label
		ADDED from src\main\AndroidManifest.xml:96:13-45
	android:targetActivity
		ADDED from src\main\AndroidManifest.xml:97:13-54
	android:icon
		ADDED from src\main\AndroidManifest.xml:95:13-52
	android:name
		ADDED from src\main\AndroidManifest.xml:93:13-49
intent-filter#android.intent.action.MAIN+android.intent.category.LAUNCHER
ADDED from src\main\AndroidManifest.xml:98:13-102:29
category#android.intent.category.LAUNCHER
ADDED from src\main\AndroidManifest.xml:101:17-77
	android:name
		ADDED from src\main\AndroidManifest.xml:101:27-74
activity-alias#com.moez.QKSMS.ui.MainActivity-Red
ADDED from src\main\AndroidManifest.xml:104:9-115:26
	android:enabled
		ADDED from src\main\AndroidManifest.xml:106:13-36
	android:label
		ADDED from src\main\AndroidManifest.xml:108:13-45
	android:targetActivity
		ADDED from src\main\AndroidManifest.xml:109:13-54
	android:icon
		ADDED from src\main\AndroidManifest.xml:107:13-51
	android:name
		ADDED from src\main\AndroidManifest.xml:105:13-48
activity-alias#com.moez.QKSMS.ui.MainActivity-Pink
ADDED from src\main\AndroidManifest.xml:116:9-127:26
	android:enabled
		ADDED from src\main\AndroidManifest.xml:118:13-36
	android:label
		ADDED from src\main\AndroidManifest.xml:120:13-45
	android:targetActivity
		ADDED from src\main\AndroidManifest.xml:121:13-54
	android:icon
		ADDED from src\main\AndroidManifest.xml:119:13-52
	android:name
		ADDED from src\main\AndroidManifest.xml:117:13-49
activity-alias#com.moez.QKSMS.ui.MainActivity-Purple
ADDED from src\main\AndroidManifest.xml:128:9-139:26
	android:enabled
		ADDED from src\main\AndroidManifest.xml:130:13-36
	android:label
		ADDED from src\main\AndroidManifest.xml:132:13-45
	android:targetActivity
		ADDED from src\main\AndroidManifest.xml:133:13-54
	android:icon
		ADDED from src\main\AndroidManifest.xml:131:13-54
	android:name
		ADDED from src\main\AndroidManifest.xml:129:13-51
activity-alias#com.moez.QKSMS.ui.MainActivity-DeepPurple
ADDED from src\main\AndroidManifest.xml:140:9-151:26
	android:enabled
		ADDED from src\main\AndroidManifest.xml:142:13-36
	android:label
		ADDED from src\main\AndroidManifest.xml:144:13-45
	android:targetActivity
		ADDED from src\main\AndroidManifest.xml:145:13-54
	android:icon
		ADDED from src\main\AndroidManifest.xml:143:13-59
	android:name
		ADDED from src\main\AndroidManifest.xml:141:13-55
activity-alias#com.moez.QKSMS.ui.MainActivity-Indigo
ADDED from src\main\AndroidManifest.xml:152:9-163:26
	android:enabled
		ADDED from src\main\AndroidManifest.xml:154:13-36
	android:label
		ADDED from src\main\AndroidManifest.xml:156:13-45
	android:targetActivity
		ADDED from src\main\AndroidManifest.xml:157:13-54
	android:icon
		ADDED from src\main\AndroidManifest.xml:155:13-54
	android:name
		ADDED from src\main\AndroidManifest.xml:153:13-51
activity-alias#com.moez.QKSMS.ui.MainActivity-Blue
ADDED from src\main\AndroidManifest.xml:164:9-175:26
	android:enabled
		ADDED from src\main\AndroidManifest.xml:166:13-36
	android:label
		ADDED from src\main\AndroidManifest.xml:168:13-45
	android:targetActivity
		ADDED from src\main\AndroidManifest.xml:169:13-54
	android:icon
		ADDED from src\main\AndroidManifest.xml:167:13-52
	android:name
		ADDED from src\main\AndroidManifest.xml:165:13-49
activity-alias#com.moez.QKSMS.ui.MainActivity-LightBlue
ADDED from src\main\AndroidManifest.xml:176:9-187:26
	android:enabled
		ADDED from src\main\AndroidManifest.xml:178:13-36
	android:label
		ADDED from src\main\AndroidManifest.xml:180:13-45
	android:targetActivity
		ADDED from src\main\AndroidManifest.xml:181:13-54
	android:icon
		ADDED from src\main\AndroidManifest.xml:179:13-58
	android:name
		ADDED from src\main\AndroidManifest.xml:177:13-54
activity-alias#com.moez.QKSMS.ui.MainActivity-Cyan
ADDED from src\main\AndroidManifest.xml:188:9-199:26
	android:enabled
		ADDED from src\main\AndroidManifest.xml:190:13-36
	android:label
		ADDED from src\main\AndroidManifest.xml:192:13-45
	android:targetActivity
		ADDED from src\main\AndroidManifest.xml:193:13-54
	android:icon
		ADDED from src\main\AndroidManifest.xml:191:13-52
	android:name
		ADDED from src\main\AndroidManifest.xml:189:13-49
activity-alias#com.moez.QKSMS.ui.MainActivity-Green
ADDED from src\main\AndroidManifest.xml:200:9-211:26
	android:enabled
		ADDED from src\main\AndroidManifest.xml:202:13-36
	android:label
		ADDED from src\main\AndroidManifest.xml:204:13-45
	android:targetActivity
		ADDED from src\main\AndroidManifest.xml:205:13-54
	android:icon
		ADDED from src\main\AndroidManifest.xml:203:13-53
	android:name
		ADDED from src\main\AndroidManifest.xml:201:13-50
activity-alias#com.moez.QKSMS.ui.MainActivity-LightGreen
ADDED from src\main\AndroidManifest.xml:212:9-223:26
	android:enabled
		ADDED from src\main\AndroidManifest.xml:214:13-36
	android:label
		ADDED from src\main\AndroidManifest.xml:216:13-45
	android:targetActivity
		ADDED from src\main\AndroidManifest.xml:217:13-54
	android:icon
		ADDED from src\main\AndroidManifest.xml:215:13-59
	android:name
		ADDED from src\main\AndroidManifest.xml:213:13-55
activity-alias#com.moez.QKSMS.ui.MainActivity-Lime
ADDED from src\main\AndroidManifest.xml:224:9-235:26
	android:enabled
		ADDED from src\main\AndroidManifest.xml:226:13-36
	android:label
		ADDED from src\main\AndroidManifest.xml:228:13-45
	android:targetActivity
		ADDED from src\main\AndroidManifest.xml:229:13-54
	android:icon
		ADDED from src\main\AndroidManifest.xml:227:13-52
	android:name
		ADDED from src\main\AndroidManifest.xml:225:13-49
activity-alias#com.moez.QKSMS.ui.MainActivity-Yellow
ADDED from src\main\AndroidManifest.xml:236:9-247:26
	android:enabled
		ADDED from src\main\AndroidManifest.xml:238:13-36
	android:label
		ADDED from src\main\AndroidManifest.xml:240:13-45
	android:targetActivity
		ADDED from src\main\AndroidManifest.xml:241:13-54
	android:icon
		ADDED from src\main\AndroidManifest.xml:239:13-54
	android:name
		ADDED from src\main\AndroidManifest.xml:237:13-51
activity-alias#com.moez.QKSMS.ui.MainActivity-Amber
ADDED from src\main\AndroidManifest.xml:248:9-259:26
	android:enabled
		ADDED from src\main\AndroidManifest.xml:250:13-36
	android:label
		ADDED from src\main\AndroidManifest.xml:252:13-45
	android:targetActivity
		ADDED from src\main\AndroidManifest.xml:253:13-54
	android:icon
		ADDED from src\main\AndroidManifest.xml:251:13-53
	android:name
		ADDED from src\main\AndroidManifest.xml:249:13-50
activity-alias#com.moez.QKSMS.ui.MainActivity-Orange
ADDED from src\main\AndroidManifest.xml:260:9-271:26
	android:enabled
		ADDED from src\main\AndroidManifest.xml:262:13-36
	android:label
		ADDED from src\main\AndroidManifest.xml:264:13-45
	android:targetActivity
		ADDED from src\main\AndroidManifest.xml:265:13-54
	android:icon
		ADDED from src\main\AndroidManifest.xml:263:13-54
	android:name
		ADDED from src\main\AndroidManifest.xml:261:13-51
activity-alias#com.moez.QKSMS.ui.MainActivity-DeepOrange
ADDED from src\main\AndroidManifest.xml:272:9-283:26
	android:enabled
		ADDED from src\main\AndroidManifest.xml:274:13-36
	android:label
		ADDED from src\main\AndroidManifest.xml:276:13-45
	android:targetActivity
		ADDED from src\main\AndroidManifest.xml:277:13-54
	android:icon
		ADDED from src\main\AndroidManifest.xml:275:13-59
	android:name
		ADDED from src\main\AndroidManifest.xml:273:13-55
activity-alias#com.moez.QKSMS.ui.MainActivity-Brown
ADDED from src\main\AndroidManifest.xml:284:9-295:26
	android:enabled
		ADDED from src\main\AndroidManifest.xml:286:13-36
	android:label
		ADDED from src\main\AndroidManifest.xml:288:13-45
	android:targetActivity
		ADDED from src\main\AndroidManifest.xml:289:13-54
	android:icon
		ADDED from src\main\AndroidManifest.xml:287:13-53
	android:name
		ADDED from src\main\AndroidManifest.xml:285:13-50
activity-alias#com.moez.QKSMS.ui.MainActivity-Grey
ADDED from src\main\AndroidManifest.xml:296:9-307:26
	android:enabled
		ADDED from src\main\AndroidManifest.xml:298:13-36
	android:label
		ADDED from src\main\AndroidManifest.xml:300:13-45
	android:targetActivity
		ADDED from src\main\AndroidManifest.xml:301:13-54
	android:icon
		ADDED from src\main\AndroidManifest.xml:299:13-52
	android:name
		ADDED from src\main\AndroidManifest.xml:297:13-49
activity-alias#com.moez.QKSMS.ui.MainActivity-BlueGrey
ADDED from src\main\AndroidManifest.xml:308:9-319:26
	android:enabled
		ADDED from src\main\AndroidManifest.xml:310:13-36
	android:label
		ADDED from src\main\AndroidManifest.xml:312:13-45
	android:targetActivity
		ADDED from src\main\AndroidManifest.xml:313:13-54
	android:icon
		ADDED from src\main\AndroidManifest.xml:311:13-57
	android:name
		ADDED from src\main\AndroidManifest.xml:309:13-53
activity#com.moez.QKSMS.ui.welcome.WelcomeActivity
ADDED from src\main\AndroidManifest.xml:321:9-323:52
	android:theme
		ADDED from src\main\AndroidManifest.xml:323:13-49
	android:name
		ADDED from src\main\AndroidManifest.xml:322:13-55
activity#com.moez.QKSMS.ui.popup.QKReplyActivity
ADDED from src\main\AndroidManifest.xml:326:9-331:58
	android:excludeFromRecents
		ADDED from src\main\AndroidManifest.xml:328:13-46
	android:windowSoftInputMode
		ADDED from src\main\AndroidManifest.xml:331:13-55
	android:theme
		ADDED from src\main\AndroidManifest.xml:330:13-55
	android:taskAffinity
		ADDED from src\main\AndroidManifest.xml:329:13-36
	android:name
		ADDED from src\main\AndroidManifest.xml:327:13-53
activity#com.moez.QKSMS.ui.mms.SlideshowActivity
ADDED from src\main\AndroidManifest.xml:333:9-62
	android:name
		ADDED from src\main\AndroidManifest.xml:333:19-59
receiver#com.moez.QKSMS.receiver.WearableIntentReceiver
ADDED from src\main\AndroidManifest.xml:335:9-341:20
	android:exported
		ADDED from src\main\AndroidManifest.xml:337:13-37
	android:name
		ADDED from src\main\AndroidManifest.xml:336:13-60
intent-filter#com.moez.QKSMS.receiver.WearableIntentReceiver.REPLY
ADDED from src\main\AndroidManifest.xml:338:13-340:29
action#com.moez.QKSMS.receiver.WearableIntentReceiver.REPLY
ADDED from src\main\AndroidManifest.xml:339:17-95
	android:name
		ADDED from src\main\AndroidManifest.xml:339:25-92
receiver#com.moez.QKSMS.receiver.SmsReceiver
ADDED from src\main\AndroidManifest.xml:344:9-351:20
	android:enabled
		ADDED from src\main\AndroidManifest.xml:346:13-46
	android:permission
		ADDED from src\main\AndroidManifest.xml:347:13-66
	android:name
		ADDED from src\main\AndroidManifest.xml:345:13-49
intent-filter#android.provider.Telephony.SMS_DELIVER
ADDED from src\main\AndroidManifest.xml:348:13-350:29
action#android.provider.Telephony.SMS_DELIVER
ADDED from src\main\AndroidManifest.xml:349:17-81
	android:name
		ADDED from src\main\AndroidManifest.xml:349:25-78
receiver#com.moez.QKSMS.receiver.IconColorReceiver
ADDED from src\main\AndroidManifest.xml:352:9-364:20
	android:enabled
		ADDED from src\main\AndroidManifest.xml:354:13-35
	android:exported
		ADDED from src\main\AndroidManifest.xml:355:13-36
	android:name
		ADDED from src\main\AndroidManifest.xml:353:13-55
intent-filter#android.intent.action.PACKAGE_CHANGED
ADDED from src\main\AndroidManifest.xml:356:13-360:29
action#android.intent.action.PACKAGE_CHANGED
ADDED from src\main\AndroidManifest.xml:357:17-80
	android:name
		ADDED from src\main\AndroidManifest.xml:357:25-77
intent-filter#com.moez.QKSMS.action.PENDING_PACKAGE_CHANGE
ADDED from src\main\AndroidManifest.xml:361:13-363:29
action#com.moez.QKSMS.action.PENDING_PACKAGE_CHANGE
ADDED from src\main\AndroidManifest.xml:362:17-87
	android:name
		ADDED from src\main\AndroidManifest.xml:362:25-84
receiver#com.moez.QKSMS.receiver.SmsReceiverLegacy
ADDED from src\main\AndroidManifest.xml:367:9-373:20
	android:enabled
		ADDED from src\main\AndroidManifest.xml:369:13-46
	android:name
		ADDED from src\main\AndroidManifest.xml:368:13-55
intent-filter#android.provider.Telephony.SMS_RECEIVED
ADDED from src\main\AndroidManifest.xml:370:13-372:29
	android:priority
		ADDED from src\main\AndroidManifest.xml:370:28-57
action#android.provider.Telephony.SMS_RECEIVED
ADDED from src\main\AndroidManifest.xml:371:17-82
	android:name
		ADDED from src\main\AndroidManifest.xml:371:25-79
receiver#com.moez.QKSMS.receiver.PushReceiver
ADDED from src\main\AndroidManifest.xml:376:9-385:20
	android:permission
		ADDED from src\main\AndroidManifest.xml:378:13-71
	android:name
		ADDED from src\main\AndroidManifest.xml:377:13-50
intent-filter#android.provider.Telephony.WAP_PUSH_DELIVER+android.provider.Telephony.WAP_PUSH_RECEIVED
ADDED from src\main\AndroidManifest.xml:379:13-384:29
action#android.provider.Telephony.WAP_PUSH_RECEIVED
ADDED from src\main\AndroidManifest.xml:380:17-87
	android:name
		ADDED from src\main\AndroidManifest.xml:380:25-84
action#android.provider.Telephony.WAP_PUSH_DELIVER
ADDED from src\main\AndroidManifest.xml:381:17-86
	android:name
		ADDED from src\main\AndroidManifest.xml:381:25-83
receiver#com.moez.QKSMS.receiver.BootReceiver
ADDED from src\main\AndroidManifest.xml:386:9-390:20
	android:name
		ADDED from src\main\AndroidManifest.xml:386:19-56
intent-filter#android.intent.action.BOOT_COMPLETED
ADDED from src\main\AndroidManifest.xml:387:13-389:29
action#android.intent.action.BOOT_COMPLETED
ADDED from src\main\AndroidManifest.xml:388:17-79
	android:name
		ADDED from src\main\AndroidManifest.xml:388:25-76
receiver#com.moez.QKSMS.mmssms.SentReceiver
ADDED from src\main\AndroidManifest.xml:391:9-395:20
	android:name
		ADDED from src\main\AndroidManifest.xml:391:19-54
intent-filter#com.moez.QKSMS.SMS_SENT
ADDED from src\main\AndroidManifest.xml:392:13-394:29
action#com.moez.QKSMS.SMS_SENT
ADDED from src\main\AndroidManifest.xml:393:17-66
	android:name
		ADDED from src\main\AndroidManifest.xml:393:25-63
receiver#com.moez.QKSMS.receiver.DeliveredReceiver
ADDED from src\main\AndroidManifest.xml:396:9-400:20
	android:name
		ADDED from src\main\AndroidManifest.xml:396:19-61
intent-filter#com.moez.QKSMS.SMS_DELIVERED
ADDED from src\main\AndroidManifest.xml:397:13-399:29
action#com.moez.QKSMS.SMS_DELIVERED
ADDED from src\main\AndroidManifest.xml:398:17-71
	android:name
		ADDED from src\main\AndroidManifest.xml:398:25-68
receiver#com.moez.QKSMS.receiver.MessageFailedReceiver
ADDED from src\main\AndroidManifest.xml:401:9-405:20
	android:name
		ADDED from src\main\AndroidManifest.xml:401:19-65
intent-filter#com.moez.QKSMS.NOTIFY_SMS_FAILURE
ADDED from src\main\AndroidManifest.xml:402:13-404:29
action#com.moez.QKSMS.NOTIFY_SMS_FAILURE
ADDED from src\main\AndroidManifest.xml:403:17-76
	android:name
		ADDED from src\main\AndroidManifest.xml:403:25-73
receiver#com.moez.QKSMS.receiver.MarkReadReceiver
ADDED from src\main\AndroidManifest.xml:406:9-410:20
	android:name
		ADDED from src\main\AndroidManifest.xml:406:19-60
intent-filter#com.moez.QKSMS.MARK_READ
ADDED from src\main\AndroidManifest.xml:407:13-409:29
action#com.moez.QKSMS.MARK_READ
ADDED from src\main\AndroidManifest.xml:408:17-67
	android:name
		ADDED from src\main\AndroidManifest.xml:408:25-64
receiver#com.moez.QKSMS.receiver.MarkSeenReceiver
ADDED from src\main\AndroidManifest.xml:411:9-415:20
	android:name
		ADDED from src\main\AndroidManifest.xml:411:19-60
intent-filter#com.moez.QKSMS.MARK_SEEN
ADDED from src\main\AndroidManifest.xml:412:13-414:29
action#com.moez.QKSMS.MARK_SEEN
ADDED from src\main\AndroidManifest.xml:413:17-67
	android:name
		ADDED from src\main\AndroidManifest.xml:413:25-64
receiver#com.moez.QKSMS.ui.widget.WidgetProvider
ADDED from src\main\AndroidManifest.xml:417:9-428:20
	android:name
		ADDED from src\main\AndroidManifest.xml:417:19-59
intent-filter#android.appwidget.action.APPWIDGET_UPDATE
ADDED from src\main\AndroidManifest.xml:418:13-420:29
action#android.appwidget.action.APPWIDGET_UPDATE
ADDED from src\main\AndroidManifest.xml:419:17-84
	android:name
		ADDED from src\main\AndroidManifest.xml:419:25-81
intent-filter#com.moez.QKSMS.intent.action.ACTION_NOTIFY_DATASET_CHANGED
ADDED from src\main\AndroidManifest.xml:421:13-423:29
action#com.moez.QKSMS.intent.action.ACTION_NOTIFY_DATASET_CHANGED
ADDED from src\main\AndroidManifest.xml:422:17-101
	android:name
		ADDED from src\main\AndroidManifest.xml:422:25-98
meta-data#android.appwidget.provider
ADDED from src\main\AndroidManifest.xml:425:13-427:55
	android:resource
		ADDED from src\main\AndroidManifest.xml:427:17-52
	android:name
		ADDED from src\main\AndroidManifest.xml:426:17-58
receiver#com.moez.QKSMS.receiver.NightModeAutoReceiver
ADDED from src\main\AndroidManifest.xml:430:9-68
	android:name
		ADDED from src\main\AndroidManifest.xml:430:19-65
receiver#com.mariussoft.endlessjabber.sdk.EndlessJabberReceiver
ADDED from src\main\AndroidManifest.xml:431:9-437:20
	android:enabled
		ADDED from src\main\AndroidManifest.xml:433:13-35
	android:name
		ADDED from src\main\AndroidManifest.xml:432:13-82
intent-filter#com.mariussoft.endlessjabber.action.extend
ADDED from src\main\AndroidManifest.xml:434:13-436:29
action#com.mariussoft.endlessjabber.action.extend
ADDED from src\main\AndroidManifest.xml:435:17-85
	android:name
		ADDED from src\main\AndroidManifest.xml:435:25-82
service#com.mariussoft.endlessjabber.sdk.EndlessJabberWakefulService
ADDED from src\main\AndroidManifest.xml:439:9-96
	android:name
		ADDED from src\main\AndroidManifest.xml:439:18-93
service#com.moez.QKSMS.receiver.UnreadBadgeService
ADDED from src\main\AndroidManifest.xml:441:9-443:40
	android:exported
		ADDED from src\main\AndroidManifest.xml:443:13-37
	android:name
		ADDED from src\main\AndroidManifest.xml:442:13-56
service#com.moez.QKSMS.service.ShouldIAnswerService
ADDED from src\main\AndroidManifest.xml:445:9-449:19
	android:name
		ADDED from src\main\AndroidManifest.xml:445:18-62
intent-filter#com.moez.QKSMS.ShouldIAnswerService
ADDED from src\main\AndroidManifest.xml:446:13-448:29
action#com.moez.QKSMS.ShouldIAnswerService
ADDED from src\main\AndroidManifest.xml:447:17-78
	android:name
		ADDED from src\main\AndroidManifest.xml:447:25-75
service#com.moez.QKSMS.service.HeadlessSmsSendService
ADDED from src\main\AndroidManifest.xml:452:9-466:19
	android:exported
		ADDED from src\main\AndroidManifest.xml:454:13-36
	android:permission
		ADDED from src\main\AndroidManifest.xml:455:13-77
	android:name
		ADDED from src\main\AndroidManifest.xml:453:13-59
intent-filter#android.intent.action.RESPOND_VIA_MESSAGE+android.intent.category.DEFAULT
ADDED from src\main\AndroidManifest.xml:456:13-465:29
action#android.intent.action.RESPOND_VIA_MESSAGE
ADDED from src\main\AndroidManifest.xml:457:17-84
	android:name
		ADDED from src\main\AndroidManifest.xml:457:25-81
service#com.moez.QKSMS.service.PushbulletService
ADDED from src\main\AndroidManifest.xml:467:9-477:19
	android:permission
		ADDED from src\main\AndroidManifest.xml:469:13-97
	android:name
		ADDED from src\main\AndroidManifest.xml:468:13-54
intent-filter#com.pushbullet.android.extension.MessagingExtension
ADDED from src\main\AndroidManifest.xml:470:13-472:29
action#com.pushbullet.android.extension.MessagingExtension
ADDED from src\main\AndroidManifest.xml:471:17-94
	android:name
		ADDED from src\main\AndroidManifest.xml:471:25-91
meta-data#protocolVersion
ADDED from src\main\AndroidManifest.xml:474:13-476:37
	android:value
		ADDED from src\main\AndroidManifest.xml:476:17-34
	android:name
		ADDED from src\main\AndroidManifest.xml:475:17-47
service#com.android.mms.transaction.TransactionService
ADDED from src\main\AndroidManifest.xml:478:9-82
	android:name
		ADDED from src\main\AndroidManifest.xml:478:18-79
service#com.moez.QKSMS.service.NotificationService
ADDED from src\main\AndroidManifest.xml:479:9-64
	android:name
		ADDED from src\main\AndroidManifest.xml:479:18-61
service#com.moez.QKSMS.service.MarkReadService
ADDED from src\main\AndroidManifest.xml:480:9-60
	android:name
		ADDED from src\main\AndroidManifest.xml:480:18-57
service#com.moez.QKSMS.service.MarkSeenService